2023-04-09 21:15:06,294 [INFO] Activator:176 - 


2023-04-09 21:15:06,296 [INFO] Activator:177 - !SESSION log4j initialized
2023-04-09 21:15:08,208 [ERROR] LogOutputStream:75 - [STDERR_REDIRECT] 
2023-04-09 21:15:08,891 [INFO] LogOutputStream:77 - [STDOUT_REDIRECT] 
2023-04-09 21:15:10,892 [INFO] LogOutputStream:77 - [STDOUT_REDIRECT] 
2023-04-09 21:15:19,266 [INFO] McuFinderGlobals:53 - Set McuFinder mode to 2 (CubeIDE integrated)
2023-04-09 21:15:19,397 [INFO] ApplicationProperties:184 - Using Application install path: /Applications/STM32CubeIDE.app/Contents/Eclipse/plugins/com.st.stm32cube.common.mx_6.8.0.202302231600
2023-04-09 21:15:19,413 [INFO] DbMcusXml:78 - Set database path to: /Applications/STM32CubeIDE.app/Contents/Eclipse/plugins/com.st.stm32cube.common.mx_6.8.0.202302231600//db//mcu/
2023-04-09 21:15:19,413 [INFO] ApiDb:274 - Set plugin database path to: /Applications/STM32CubeIDE.app/Contents/Eclipse/plugins/com.st.stm32cube.common.mx_6.8.0.202302231600//db//plugins/boardmanager/
2023-04-09 21:15:19,421 [WARN] ApiDb:259 - Overriding images path with different value:  => /Applications/STM32CubeIDE.app/Contents/Eclipse/plugins/com.st.stm32cube.common.mx_6.8.0.202302231600//db//plugins/mcufinder/images/
2023-04-09 21:15:19,439 [INFO] ApiDb:250 - Set database path to: /Users/arjun/.stmcufinder/plugins/mcufinder//mcu/
2023-04-09 21:15:19,440 [INFO] DbMcusAds:125 - Set database path to: /Users/arjun/.stmcufinder/plugins/mcufinder//mcu/
2023-04-09 21:15:19,442 [INFO] CrossReferenceDbSqlite:203 - Set database path to: /Users/arjun/.stmcufinder/plugins/mcufinder//mcu/cs/
2023-04-09 21:15:19,577 [INFO] RulesReader:64 - Compatibility file has been processed (293 Rules)
2023-04-09 21:15:19,646 [INFO] DbMcusXml:78 - Set database path to: /Applications/STM32CubeIDE.app/Contents/Eclipse/plugins/com.st.stm32cube.common.mx_6.8.0.202302231600//db//mcu/
2023-04-09 21:15:19,646 [INFO] ApiDb:274 - Set plugin database path to: /Applications/STM32CubeIDE.app/Contents/Eclipse/plugins/com.st.stm32cube.common.mx_6.8.0.202302231600//db//plugins/boardmanager/
2023-04-09 21:15:19,647 [INFO] ApiDb:261 - Set plugin images path to: /Applications/STM32CubeIDE.app/Contents/Eclipse/plugins/com.st.stm32cube.common.mx_6.8.0.202302231600//db//plugins/mcufinder/images/
2023-04-09 21:15:19,648 [WARN] DbFile:41 - Overriding database path with different value: /Users/arjun/.stmcufinder/plugins/mcufinder/ => /Users/arjun/.stmcufinder/plugins/mcufinder
2023-04-09 21:15:19,648 [INFO] ApiDb:250 - Set database path to: /Users/arjun/.stmcufinder/plugins/mcufinder//mcu/
2023-04-09 21:15:19,648 [WARN] DbFile:41 - Overriding database path with different value: /Users/arjun/.stmcufinder/plugins/mcufinder/ => /Users/arjun/.stmcufinder/plugins/mcufinder
2023-04-09 21:15:19,648 [INFO] DbMcusAds:125 - Set database path to: /Users/arjun/.stmcufinder/plugins/mcufinder//mcu/
2023-04-09 21:15:19,648 [WARN] DbFile:41 - Overriding database path with different value: /Users/arjun/.stmcufinder/plugins/mcufinder/ => /Users/arjun/.stmcufinder/plugins/mcufinder
2023-04-09 21:15:19,648 [WARN] DbFile:41 - Overriding database path with different value: /Users/arjun/.stmcufinder/plugins/mcufinder/ => /Users/arjun/.stmcufinder/plugins/mcufinder
2023-04-09 21:15:19,648 [INFO] CrossReferenceDbSqlite:203 - Set database path to: /Users/arjun/.stmcufinder/plugins/mcufinder//mcu/cs/
2023-04-09 21:15:19,743 [INFO] MainPanel:253 - HeapMemory: 268435456
2023-04-09 21:15:19,834 [INFO] DbMcusXml:78 - Set database path to: /Applications/STM32CubeIDE.app/Contents/Eclipse/plugins/com.st.stm32cube.common.mx_6.8.0.202302231600//db//mcu/
2023-04-09 21:15:19,834 [INFO] ApiDb:274 - Set plugin database path to: /Applications/STM32CubeIDE.app/Contents/Eclipse/plugins/com.st.stm32cube.common.mx_6.8.0.202302231600//db//plugins/boardmanager/
2023-04-09 21:15:19,834 [INFO] ApiDb:261 - Set plugin images path to: /Applications/STM32CubeIDE.app/Contents/Eclipse/plugins/com.st.stm32cube.common.mx_6.8.0.202302231600//db//plugins/mcufinder/images/
2023-04-09 21:15:19,834 [WARN] DbFile:41 - Overriding database path with different value: /Users/arjun/.stmcufinder/plugins/mcufinder/ => /Users/arjun/.stmcufinder/plugins/mcufinder
2023-04-09 21:15:19,834 [INFO] ApiDb:250 - Set database path to: /Users/arjun/.stmcufinder/plugins/mcufinder//mcu/
2023-04-09 21:15:19,834 [WARN] DbFile:41 - Overriding database path with different value: /Users/arjun/.stmcufinder/plugins/mcufinder/ => /Users/arjun/.stmcufinder/plugins/mcufinder
2023-04-09 21:15:19,834 [INFO] DbMcusAds:125 - Set database path to: /Users/arjun/.stmcufinder/plugins/mcufinder//mcu/
2023-04-09 21:15:19,835 [WARN] DbFile:41 - Overriding database path with different value: /Users/arjun/.stmcufinder/plugins/mcufinder/ => /Users/arjun/.stmcufinder/plugins/mcufinder
2023-04-09 21:15:19,835 [WARN] DbFile:41 - Overriding database path with different value: /Users/arjun/.stmcufinder/plugins/mcufinder/ => /Users/arjun/.stmcufinder/plugins/mcufinder
2023-04-09 21:15:19,835 [INFO] CrossReferenceDbSqlite:203 - Set database path to: /Users/arjun/.stmcufinder/plugins/mcufinder//mcu/cs/
2023-04-09 21:15:19,855 [INFO] ApplicationProperties:184 - Using Application install path: /Applications/STM32CubeIDE.app/Contents/Eclipse/plugins/com.st.stm32cube.common.mx_6.8.0.202302231600
2023-04-09 21:15:19,857 [INFO] PluginManage:196 - Search for loadable plugins [exclusion list=, ]
2023-04-09 21:15:19,859 [INFO] PluginManage:310 - Check plugin analytics
2023-04-09 21:15:20,029 [INFO] AnalyticsPlugin:253 - Accepted Software Licenses: 
2023-04-09 21:15:20,030 [INFO] AnalyticsPlugin:255 - Accepted CMSIS Pack Licenses: 
2023-04-09 21:15:20,030 [INFO] AnalyticsPlugin:257 - Accepted Firmware Licenses: FW.H7.1.11.0
2023-04-09 21:15:20,055 [INFO] PluginManage:359 - Loaded plugin analytics (category:tool,tabindex:-1)
2023-04-09 21:15:20,057 [INFO] PluginManage:310 - Check plugin cadmodel
2023-04-09 21:15:20,401 [INFO] CADModel:105 - Init CAD model plugin
2023-04-09 21:15:20,401 [INFO] PluginManage:359 - Loaded plugin cadmodel (category:power,tabindex:5)
2023-04-09 21:15:20,402 [INFO] PluginManage:310 - Check plugin clock
2023-04-09 21:15:20,411 [INFO] PluginManage:359 - Loaded plugin clock (category:base,tabindex:2)
2023-04-09 21:15:20,411 [INFO] PluginManage:310 - Check plugin ddr
2023-04-09 21:15:20,413 [INFO] PluginManage:359 - Loaded plugin ddr (category:tool,tabindex:6)
2023-04-09 21:15:20,413 [INFO] PluginManage:310 - Check plugin filemanager
2023-04-09 21:15:20,709 [INFO] PluginManage:359 - Loaded plugin filemanager (category:base,tabindex:10)
2023-04-09 21:15:20,710 [INFO] PluginManage:310 - Check plugin ipmanager
2023-04-09 21:15:20,737 [INFO] PluginManage:359 - Loaded plugin ipmanager (category:base,tabindex:5)
2023-04-09 21:15:20,738 [INFO] PluginManage:310 - Check plugin lpbam
2023-04-09 21:15:20,757 [INFO] PluginManage:359 - Loaded plugin lpbam (category:base,tabindex:0)
2023-04-09 21:15:20,757 [INFO] PluginManage:310 - Check plugin pinoutandconfiguration
2023-04-09 21:15:20,763 [INFO] PluginManage:359 - Loaded plugin pinoutandconfiguration (category:base,tabindex:1)
2023-04-09 21:15:20,763 [INFO] PluginManage:310 - Check plugin pinoutconfig
2023-04-09 21:15:20,871 [WARN] SupportedApi:132 - Cannot load RTOS API schema: s4s-elt-must-match.1: The content of 'definitions' must match (annotation?, (simpleType | complexType)?, (unique | key | keyref)*)). A problem was found starting at: attribute.
2023-04-09 21:15:21,075 [INFO] PluginManage:359 - Loaded plugin pinoutconfig (category:base,tabindex:0)
2023-04-09 21:15:21,075 [INFO] PluginManage:310 - Check plugin power
2023-04-09 21:15:21,091 [INFO] PluginManage:359 - Loaded plugin power (category:power,tabindex:4)
2023-04-09 21:15:21,092 [INFO] PluginManage:310 - Check plugin projectmanager
2023-04-09 21:15:21,119 [INFO] PluginManage:359 - Loaded plugin projectmanager (category:projectmanager,tabindex:3)
2023-04-09 21:15:21,119 [INFO] PluginManage:310 - Check plugin thirdparty
2023-04-09 21:15:21,264 [INFO] PluginManage:359 - Loaded plugin thirdparty (category:base,tabindex:-1)
2023-04-09 21:15:21,266 [INFO] PluginManage:310 - Check plugin tools
2023-04-09 21:15:21,264 [WARN] IntegrityCheckThread:84 - waiting for thirdparty lock release [integrity check]
2023-04-09 21:15:21,269 [INFO] IntegrityCheckThread:86 - entering critical section [integrity check]
2023-04-09 21:15:21,271 [INFO] ThirdPartyUpdaterWithRetryManager:70 - Updater plugin not ready yet. [1/15]
2023-04-09 21:15:21,271 [INFO] PluginManage:359 - Loaded plugin tools (category:base,tabindex:7)
2023-04-09 21:15:21,271 [INFO] PluginManage:310 - Check plugin tutovideos
2023-04-09 21:15:21,445 [INFO] PluginManage:359 - Loaded plugin tutovideos (category:base,tabindex:-1)
2023-04-09 21:15:21,445 [INFO] PluginManage:310 - Check plugin updater
2023-04-09 21:15:21,467 [INFO] PluginManage:359 - Loaded plugin updater (category:base,tabindex:12)
2023-04-09 21:15:21,468 [INFO] PluginManage:283 - PluginManage : Loaded plugins [15]
2023-04-09 21:15:21,768 [INFO] PinOutPanel:1499 - setPackage(No Configuration,No Configuration)
2023-04-09 21:15:21,836 [INFO] CADModel:165 - CPN selected for project level
2023-04-09 21:15:21,836 [INFO] CADModel:114 - Register for checkConnection events
2023-04-09 21:15:21,848 [INFO] IPUIPlugin:80 - create IPUIPlugin
2023-04-09 21:15:21,849 [INFO] PluginManager:220 - loadIPPluginJar : add mdma
2023-04-09 21:15:21,855 [INFO] IPUIPlugin:80 - create IPUIPlugin
2023-04-09 21:15:21,855 [INFO] PluginManager:220 - loadIPPluginJar : add freertos
2023-04-09 21:15:21,858 [INFO] IPUIPlugin:80 - create IPUIPlugin
2023-04-09 21:15:21,859 [INFO] PluginManager:220 - loadIPPluginJar : add gic
2023-04-09 21:15:21,865 [INFO] IPUIPlugin:80 - create IPUIPlugin
2023-04-09 21:15:21,866 [INFO] PluginManager:220 - loadIPPluginJar : add adc
2023-04-09 21:15:21,868 [INFO] IPUIPlugin:80 - create IPUIPlugin
2023-04-09 21:15:21,868 [INFO] PluginManager:220 - loadIPPluginJar : add gtzc
2023-04-09 21:15:21,869 [INFO] IPUIPlugin:80 - create IPUIPlugin
2023-04-09 21:15:21,869 [INFO] PluginManager:220 - loadIPPluginJar : add quadspi
2023-04-09 21:15:21,871 [INFO] IPUIPlugin:80 - create IPUIPlugin
2023-04-09 21:15:21,871 [INFO] PluginManager:220 - loadIPPluginJar : add aes
2023-04-09 21:15:21,874 [INFO] IPUIPlugin:80 - create IPUIPlugin
2023-04-09 21:15:21,874 [INFO] PluginManager:220 - loadIPPluginJar : add pdm2pcm
2023-04-09 21:15:21,876 [INFO] IPUIPlugin:80 - create IPUIPlugin
2023-04-09 21:15:21,876 [INFO] PluginManager:220 - loadIPPluginJar : add hash
2023-04-09 21:15:21,878 [INFO] IPUIPlugin:80 - create IPUIPlugin
2023-04-09 21:15:21,878 [INFO] PluginManager:220 - loadIPPluginJar : add tim
2023-04-09 21:15:21,879 [INFO] IPUIPlugin:80 - create IPUIPlugin
2023-04-09 21:15:21,879 [INFO] PluginManager:220 - loadIPPluginJar : add tsc
2023-04-09 21:15:21,881 [INFO] IPUIPlugin:80 - create IPUIPlugin
2023-04-09 21:15:21,881 [INFO] PluginManager:220 - loadIPPluginJar : add ts
2023-04-09 21:15:21,884 [INFO] IPUIPlugin:80 - create IPUIPlugin
2023-04-09 21:15:21,884 [INFO] PluginManager:220 - loadIPPluginJar : add can
2023-04-09 21:15:21,885 [INFO] IPUIPlugin:80 - create IPUIPlugin
2023-04-09 21:15:21,885 [INFO] PluginManager:220 - loadIPPluginJar : add dma3
2023-04-09 21:15:21,886 [INFO] IPUIPlugin:80 - create IPUIPlugin
2023-04-09 21:15:21,887 [INFO] PluginManager:220 - loadIPPluginJar : add dfsdm
2023-04-09 21:15:21,889 [INFO] IPUIPlugin:80 - create IPUIPlugin
2023-04-09 21:15:21,890 [INFO] PluginManager:220 - loadIPPluginJar : add spi
2023-04-09 21:15:21,891 [INFO] IPUIPlugin:80 - create IPUIPlugin
2023-04-09 21:15:21,891 [INFO] PluginManager:220 - loadIPPluginJar : add gfxmmu
2023-04-09 21:15:21,892 [INFO] IPUIPlugin:80 - create IPUIPlugin
2023-04-09 21:15:21,892 [INFO] PluginManager:220 - loadIPPluginJar : add genericplugin
2023-04-09 21:15:21,894 [INFO] IPUIPlugin:80 - create IPUIPlugin
2023-04-09 21:15:21,894 [INFO] PluginManager:220 - loadIPPluginJar : add cryp
2023-04-09 21:15:21,897 [INFO] IPUIPlugin:80 - create IPUIPlugin
2023-04-09 21:15:21,897 [INFO] PluginManager:220 - loadIPPluginJar : add gpio
2023-04-09 21:15:21,898 [INFO] IPUIPlugin:80 - create IPUIPlugin
2023-04-09 21:15:21,898 [INFO] PluginManager:220 - loadIPPluginJar : add comp
2023-04-09 21:15:21,899 [INFO] IPUIPlugin:80 - create IPUIPlugin
2023-04-09 21:15:21,899 [INFO] PluginManager:220 - loadIPPluginJar : add tracer_emb
2023-04-09 21:15:21,902 [INFO] IPUIPlugin:80 - create IPUIPlugin
2023-04-09 21:15:21,902 [INFO] PluginManager:220 - loadIPPluginJar : add openamp
2023-04-09 21:15:21,905 [INFO] IPUIPlugin:80 - create IPUIPlugin
2023-04-09 21:15:21,905 [INFO] PluginManager:220 - loadIPPluginJar : add stm32_wpan
2023-04-09 21:15:21,910 [INFO] IPUIPlugin:80 - create IPUIPlugin
2023-04-09 21:15:21,913 [INFO] PluginManager:220 - loadIPPluginJar : add plateformsettings
2023-04-09 21:15:21,915 [INFO] IPUIPlugin:80 - create IPUIPlugin
2023-04-09 21:15:21,915 [INFO] PluginManager:220 - loadIPPluginJar : add ipddr
2023-04-09 21:15:21,917 [INFO] IPUIPlugin:80 - create IPUIPlugin
2023-04-09 21:15:21,917 [INFO] PluginManager:220 - loadIPPluginJar : add usart
2023-04-09 21:15:21,918 [INFO] IPUIPlugin:80 - create IPUIPlugin
2023-04-09 21:15:21,919 [INFO] PluginManager:220 - loadIPPluginJar : add ltdc
2023-04-09 21:15:21,921 [INFO] IPUIPlugin:80 - create IPUIPlugin
2023-04-09 21:15:21,921 [INFO] PluginManager:220 - loadIPPluginJar : add nvic
2023-04-09 21:15:21,922 [INFO] IPUIPlugin:80 - create IPUIPlugin
2023-04-09 21:15:21,923 [INFO] PluginManager:220 - loadIPPluginJar : add fatfs
2023-04-09 21:15:21,928 [INFO] IPUIPlugin:80 - create IPUIPlugin
2023-04-09 21:15:21,928 [INFO] PluginManager:220 - loadIPPluginJar : add linkedlist
2023-04-09 21:15:21,934 [INFO] IPUIPlugin:80 - create IPUIPlugin
2023-04-09 21:15:21,934 [INFO] PluginManager:220 - loadIPPluginJar : add dma
2023-04-09 21:15:21,938 [INFO] IPUIPlugin:80 - create IPUIPlugin
2023-04-09 21:15:21,938 [INFO] PluginManager:220 - loadIPPluginJar : add fmc
2023-04-09 21:15:21,939 [INFO] IPUIPlugin:80 - create IPUIPlugin
2023-04-09 21:15:21,939 [INFO] PluginManager:220 - loadIPPluginJar : add i2s
2023-04-09 21:15:21,940 [INFO] IPUIPlugin:80 - create IPUIPlugin
2023-04-09 21:15:21,940 [INFO] PluginManager:220 - loadIPPluginJar : add ucpd
2023-04-09 21:15:21,941 [INFO] IPUIPlugin:80 - create IPUIPlugin
2023-04-09 21:15:21,941 [INFO] PluginManager:220 - loadIPPluginJar : add lorawan
2023-04-09 21:15:21,943 [INFO] IPUIPlugin:80 - create IPUIPlugin
2023-04-09 21:15:21,943 [INFO] PluginManager:220 - loadIPPluginJar : add opamp
2023-04-09 21:15:21,945 [INFO] IPUIPlugin:80 - create IPUIPlugin
2023-04-09 21:15:21,946 [INFO] PluginManager:220 - loadIPPluginJar : add i3c
2023-04-09 21:15:21,948 [INFO] IPUIPlugin:80 - create IPUIPlugin
2023-04-09 21:15:21,948 [INFO] PluginManager:220 - loadIPPluginJar : add touchsensing
2023-04-09 21:15:21,949 [INFO] IPUIPlugin:80 - create IPUIPlugin
2023-04-09 21:15:21,949 [INFO] PluginManager:220 - loadIPPluginJar : add i2c
2023-04-09 21:15:21,951 [INFO] IPUIPlugin:80 - create IPUIPlugin
2023-04-09 21:15:21,951 [INFO] PluginManager:220 - loadIPPluginJar : add resmgrutility
2023-04-09 21:15:21,953 [INFO] IPUIPlugin:80 - create IPUIPlugin
2023-04-09 21:15:21,953 [INFO] PluginManager:220 - loadIPPluginJar : add sai
2023-04-09 21:15:21,955 [INFO] IPUIPlugin:80 - create IPUIPlugin
2023-04-09 21:15:21,955 [INFO] PluginManager:220 - loadIPPluginJar : add usbx
2023-04-09 21:15:22,064 [INFO] CADModel:165 - CPN selected for project level
2023-04-09 21:15:22,065 [INFO] CADModel:114 - Register for checkConnection events
2023-04-09 21:15:22,065 [FATAL] Updater:308 - Updater called before beeing initialized
2023-04-09 21:15:22,065 [ERROR] CADModel:125 - Updater not yet initialized, retry later 
2023-04-09 21:15:22,267 [INFO] CADModel:165 - CPN selected for project level
2023-04-09 21:15:22,267 [INFO] CADModel:114 - Register for checkConnection events
2023-04-09 21:15:22,267 [FATAL] Updater:308 - Updater called before beeing initialized
2023-04-09 21:15:22,267 [ERROR] CADModel:125 - Updater not yet initialized, retry later 
2023-04-09 21:15:22,271 [FATAL] Updater:308 - Updater called before beeing initialized
2023-04-09 21:15:22,467 [FATAL] Updater:308 - Updater called before beeing initialized
2023-04-09 21:15:22,475 [INFO] DbMcusAds:53 - JSON generation date=Tue Mar 07 00:50:55 PST 2023 (1678179055335)
2023-04-09 21:15:22,475 [FATAL] Updater:308 - Updater called before beeing initialized
2023-04-09 21:15:22,524 [WARN] DetailPanel:346 - Failed to get advertising image, set to default
2023-04-09 21:15:22,625 [FATAL] Updater:308 - Updater called before beeing initialized
2023-04-09 21:15:22,628 [FATAL] Updater:308 - Updater called before beeing initialized
2023-04-09 21:15:22,628 [FATAL] Updater:308 - Updater called before beeing initialized
2023-04-09 21:15:22,629 [WARN] DetailPanel:346 - Failed to get advertising image, set to default
2023-04-09 21:15:22,630 [FATAL] Updater:308 - Updater called before beeing initialized
2023-04-09 21:15:22,695 [ERROR] Updater:1120 - MainUpdater not yet initialized. External WinMGr cannot be set.
2023-04-09 21:15:22,755 [INFO] Updater:1056 - Updater Version found : 6.8.0
2023-04-09 21:15:22,771 [INFO] ApplicationProperties:184 - Using Application install path: /Applications/STM32CubeIDE.app/Contents/Eclipse/plugins/com.st.stm32cube.common.mx_6.8.0.202302231600
2023-04-09 21:15:23,033 [INFO] MainUpdater:2854 - connection check result : 10
2023-04-09 21:15:23,034 [INFO] MainUpdater:283 - Updater Check For Update Now.
2023-04-09 21:15:23,034 [INFO] MicroXplorer:498 - Change Database Version : DB.6.0.80
2023-04-09 21:15:23,246 [INFO] MainUpdater:2854 - connection check result : 10
2023-04-09 21:15:23,248 [INFO] CheckServerUpdateThread:120 - End of CheckServer Thread
2023-04-09 21:15:24,412 [WARN] PackLoader:240 - Cannot read IP mode file for STMicroelectronics.X-CUBE-GNSS1.6.0.0
2023-04-09 21:15:24,478 [WARN] PackLoader:240 - Cannot read IP mode file for STMicroelectronics.X-CUBE-AZRTOS-F4.1.1.0
2023-04-09 21:15:24,536 [WARN] PackLoader:240 - Cannot read IP mode file for wolfSSL.I-CUBE-wolfSSL.5.6.0
2023-04-09 21:15:24,557 [INFO] ApiDb:581 - Connected to CubeFinder SQLite database (/Users/arjun/.stmcufinder/plugins/mcufinder/mcu/cube-finder-db.db)
2023-04-09 21:15:24,609 [WARN] PackLoader:240 - Cannot read IP mode file for STMicroelectronics.X-CUBE-AZRTOS-F7.1.1.0
2023-04-09 21:15:24,620 [INFO] ApiDb:668 - CubeFinder database Data Model version=2.1
2023-04-09 21:15:24,620 [INFO] ApiDb:669 - CubeFinder database Configuration version=3.0.35
2023-04-09 21:15:24,621 [INFO] ApiDb:670 - CubeFinder database generation date=2023-03-10 (1678456172)
2023-04-09 21:15:24,621 [INFO] ApiDb:671 - CubeFinder database FW Pack versions=[FP-ATR-ASTRA1_V1.1.1, STM32Cube_FW_C0_V1.0.1, STM32Cube_FW_F0_V1.11.4, STM32Cube_FW_F3_V1.11.4, STM32Cube_FW_F4_V1.27.1, STM32Cube_FW_F7_V1.17.0, STM32Cube_FW_G0_V1.6.1, STM32Cube_FW_G4_V1.5.1, STM32Cube_FW_H5_V0.5.1, STM32Cube_FW_H5_V1.0.0, STM32Cube_FW_H7_V1.11.0, STM32Cube_FW_L0_V1.12.2, STM32Cube_FW_L5_V1.5.0, STM32Cube_FW_U5_V1.2.0, STM32Cube_FW_WBA_V1.0.0, STM32Cube_FW_WBA_V1.0.0RC1, STM32Cube_FW_WBA_V1.0.0RC3, STM32Cube_FW_WB_V1.15.0RC1, STM32Cube_FW_WB_V1.16.0, STM32Cube_FW_WB_V1.16.0RC2, STM32Cube_FW_WL_V1.3.0, X-CUBE-ALGOBUILD_V1.3.0, X-CUBE-ALS_V1.0.1, X-CUBE-AZRTOS-F4_V1.1.0, X-CUBE-AZRTOS-F7_V1.1.0, X-CUBE-AZRTOS-G0_V1.1.0, X-CUBE-AZRTOS-G4_V1.0.0, X-CUBE-AZRTOS-H7_V3.0.0, X-CUBE-AZRTOS-L4_V1.0.0, X-CUBE-AZRTOS-L5_V1.1.0, X-CUBE-AZRTOS-WB_V1.1.0, X-CUBE-AZRTOS-WL_V1.0.0, X-CUBE-BLE1_V6.2.4, X-CUBE-BLE2_V3.3.0, X-CUBE-BLEMGR_V1.3.0, X-CUBE-EEPRMA1_V4.1.0, X-CUBE-GNSS1_V6.0.0, X-CUBE-MEMS1_V9.1.0, X-CUBE-MEMS1_V9.4.0, X-CUBE-MEMS1_V9.5.0, X-CUBE-NFC4_V3.0.0, X-CUBE-NFC7_V1.0.0, X-CUBE-SFXS2LP1_V4.0.0, X-CUBE-SUBG2_V5.0.0]
2023-04-09 21:15:24,673 [WARN] PackLoader:240 - Cannot read IP mode file for STMicroelectronics.X-CUBE-BLE1.6.2.4
2023-04-09 21:15:24,737 [WARN] PackLoader:240 - Cannot read IP mode file for emotas.I-CUBE-CANOPEN.1.1.3
2023-04-09 21:15:24,761 [INFO] DbBoardsSqlite:226 - include board P-NUCLEO-WB55-NUCLEO as a kit item of type 'Nucleo-64'
2023-04-09 21:15:24,762 [INFO] DbBoardsSqlite:226 - include board P-NUCLEO-WB55-USBDONGLE as a kit item of type 'Nucleo USB Dongle'
2023-04-09 21:15:24,762 [INFO] DbBoardsSqlite:226 - include board STEVAL-IDP005V1 as a kit item of type 'Evaluation Board'
2023-04-09 21:15:24,762 [INFO] DbBoardsSqlite:226 - include board STEVAL-IDP005V2 as a kit item of type 'Evaluation Board'
2023-04-09 21:15:24,766 [WARN] PackLoader:240 - Cannot read IP mode file for STMicroelectronics.X-CUBE-BLEMGR.2.0.0
2023-04-09 21:15:24,783 [WARN] PackLoader:240 - Cannot read IP mode file for STMicroelectronics.X-CUBE-DISPLAY.3.0.0
2023-04-09 21:15:24,816 [WARN] PackLoader:240 - Cannot read IP mode file for STMicroelectronics.X-CUBE-NFC7.1.0.0
2023-04-09 21:15:24,836 [WARN] PackLoader:240 - Cannot read IP mode file for STMicroelectronics.X-CUBE-EEPRMA1.4.1.0
2023-04-09 21:15:24,858 [INFO] ApiDb:240 - Found 297 in-development CPN: [B-G473E-ZEST1S, B-WB1M-WPAN1, B-WL5M-SUBG1, NUCLEO-C031C6, NUCLEO-H503RB, NUCLEO-H563ZI, NUCLEO-U545RE-Q, NUCLEO-U5A5ZJ-Q, NUCLEO-WBA52CG, STEVAL-PROTEUS1, STEVAL-STWINBX1, STM320518-EVAL, STM32C0116-DK, STM32C011D6Y3TR, STM32C011D6Y6TR, STM32C011F4P3, STM32C011F4P6, STM32C011F4U3, STM32C011F4U6TR, STM32C011F6P3, STM32C011F6P6, STM32C011F6U3, STM32C011F6U6TR, STM32C011J4M3, STM32C011J4M6, STM32C011J6M3, STM32C011J6M6, STM32C0316-DK, STM32C031C4T3, STM32C031C4T6, STM32C031C4U3, STM32C031C4U6, STM32C031C6T3, STM32C031C6T6, STM32C031C6U3, STM32C031C6U6, STM32C031F4P3, STM32C031F4P6, STM32C031F6P3, STM32C031F6P6, STM32C031G4U3, STM32C031G4U6, STM32C031G6U3, STM32C031G6U6, STM32C031K4T3, STM32C031K4T6, STM32C031K4U3, STM32C031K4U6, STM32C031K6T3, STM32C031K6T6, STM32C031K6U3, STM32C031K6U6, STM32G071K8TXN, STM32G071K8UXN, STM32G081GBU6N, STM32G081KBT6N, STM32G081KBUXN, STM32G0B1CCT6N, STM32G0B1KCT6, STM32G0B1NEY6TR, STM32G0B1RCT6N, STM32G0C1CCT6, STM32G0C1CCT6N, STM32G0C1CCU6N, STM32G0C1CET6N, STM32G0C1CEU6N, STM32G0C1KCT6, STM32G0C1NEY6TR, STM32G0C1RCI6N, STM32G0C1RCT6N, STM32G0C1REI6N, STM32G0C1RET6N, STM32G0C1VCI6, STM32G0C1VEI6, STM32G471CCT6, STM32G471CCU6, STM32G471CET3, STM32G471CET6, STM32G471CEU3, STM32G471CEU6, STM32G471MCT6, STM32G471MET3, STM32G471MET6, STM32G471MEY6TR, STM32G471QCT6, STM32G471QET3, STM32G471RCT6, STM32G471RET3, STM32G471RET6, STM32G471VCH6, STM32G471VCI6, STM32G471VCT6, STM32G471VEH3, STM32G471VEH6, STM32G471VEI3, STM32G471VEI6, STM32G471VET3, STM32G471VET6, STM32G474CCT6, STM32H503CBT6, STM32H503CBU6, STM32H503EBY6TR, STM32H503KBU6, STM32H503RBT6, STM32H562AGI6, STM32H562AII6, STM32H562IGK6, STM32H562IGT6, STM32H562IIK6, STM32H562IIT6, STM32H562RGT6, STM32H562RGV6, STM32H562RIT6, STM32H562RIV6, STM32H562VGT6, STM32H562VIT6, STM32H562ZGT6, STM32H562ZIT6, STM32H563AGI6, STM32H563AII3Q, STM32H563AII6, STM32H563IGK6, STM32H563IGT6, STM32H563IIK3Q, STM32H563IIK6, STM32H563IIT3Q, STM32H563IIT6, STM32H563MIY3QTR, STM32H563RGT6, STM32H563RGV6, STM32H563RIT6, STM32H563RIV6, STM32H563VGT6, STM32H563VIT3Q, STM32H563VIT6, STM32H563ZGT6, STM32H563ZIT3Q, STM32H563ZIT6, STM32H573AII3Q, STM32H573AII6, STM32H573I-DK, STM32H573IIK3Q, STM32H573IIK6, STM32H573IIT3Q, STM32H573IIT6, STM32H573MIY3QTR, STM32H573RIT6, STM32H573RIV6, STM32H573VIT3Q, STM32H573VIT6, STM32H573ZIT3Q, STM32H573ZIT6, STM32L4R5QGI6STR, STM32MP131AAE3, STM32MP131AAF3, STM32MP131AAG3, STM32MP131CAE3, STM32MP131CAF3, STM32MP131CAG3, STM32MP131DAE7, STM32MP131DAF7, STM32MP131DAG7, STM32MP131FAE7, STM32MP131FAF7, STM32MP131FAG7, STM32MP133AAE3, STM32MP133AAF3, STM32MP133AAG3, STM32MP133CAE3, STM32MP133CAF3, STM32MP133CAG3, STM32MP133DAE7, STM32MP133DAF7, STM32MP133DAG7, STM32MP133FAE7, STM32MP133FAF7, STM32MP133FAG7, STM32MP135AAE3, STM32MP135AAF3, STM32MP135AAG3, STM32MP135CAE3, STM32MP135CAF3, STM32MP135CAG3, STM32MP135DAE7, STM32MP135DAF7, STM32MP135DAG7, STM32MP135F-DK, STM32MP135FAE7, STM32MP135FAF7, STM32MP135FAF7T, STM32MP135FAF7U, STM32MP135FAG7, STM32U535CBT6, STM32U535CBT6Q, STM32U535CBU6, STM32U535CBU6Q, STM32U535CCT6, STM32U535CCT6Q, STM32U535CCU6, STM32U535CCU6Q, STM32U535CET6, STM32U535CET6Q, STM32U535CEU6, STM32U535CEU6Q, STM32U535JEY6QTR, STM32U535NCY6QTR, STM32U535NEY6QTR, STM32U535RBI6, STM32U535RBI6Q, STM32U535RBT6, STM32U535RBT6Q, STM32U535RCI6, STM32U535RCI6Q, STM32U535RCT6, STM32U535RCT6Q, STM32U535REI6, STM32U535REI6Q, STM32U535RET6, STM32U535RET6Q, STM32U535VCI6, STM32U535VCI6Q, STM32U535VCT6, STM32U535VCT6Q, STM32U535VEI6, STM32U535VEI6Q, STM32U535VET6, STM32U535VET6Q, STM32U545CET6, STM32U545CET6Q, STM32U545CEU6, STM32U545CEU6Q, STM32U545JEY6QTR, STM32U545NEY6QTR, STM32U545REI6, STM32U545REI6Q, STM32U545RET6, STM32U545RET6Q, STM32U545VEI6, STM32U545VEI6Q, STM32U545VET6, STM32U545VET6Q, STM32U595AIH6, STM32U595AIH6Q, STM32U595AJH6, STM32U595AJH6Q, STM32U595QII6, STM32U595QII6Q, STM32U595QJI6, STM32U595QJI6Q, STM32U595RIT6, STM32U595RIT6Q, STM32U595RJT6, STM32U595RJT6Q, STM32U595VIT6, STM32U595VIT6Q, STM32U595VJT6, STM32U595VJT6Q, STM32U595ZIT6, STM32U595ZIT6Q, STM32U595ZIY6QTR, STM32U595ZJT6, STM32U595ZJT6Q, STM32U595ZJY6QTR, STM32U599BJY6QTR, STM32U599NIH6Q, STM32U599NJH6Q, STM32U599VIT6Q, STM32U599VJT6, STM32U599VJT6Q, STM32U599ZIT6Q, STM32U599ZIY6QTR, STM32U599ZJT6Q, STM32U599ZJY6QTR, STM32U5A5AJH6, STM32U5A5AJH6Q, STM32U5A5QJI6, STM32U5A5QJI6Q, STM32U5A5RJT6, STM32U5A5RJT6Q, STM32U5A5VJT6, STM32U5A5VJT6Q, STM32U5A5ZJT6, STM32U5A5ZJT6Q, STM32U5A5ZJY6QTR, STM32U5A9BJY6QTR, STM32U5A9J-DK, STM32U5A9NJH6Q, STM32U5A9VJT6Q, STM32U5A9ZJT6Q, STM32U5A9ZJY6QTR, STM32WB1MMCH6, STM32WBA52CEU6, STM32WBA52CEU6T, STM32WBA52CGU6, STM32WBA52CGU6T, STM32WL5MOCH6, STM32WL5MOCH6TR]
2023-04-09 21:15:24,865 [WARN] PackLoader:240 - Cannot read IP mode file for WES.I-CUBE-Cesium.1.3.0
2023-04-09 21:15:24,944 [WARN] PackLoader:240 - Cannot read IP mode file for STMicroelectronics.X-CUBE-SFXS2LP1.4.0.0
2023-04-09 21:15:24,994 [WARN] PackLoader:240 - Cannot read IP mode file for STMicroelectronics.X-CUBE-BLE2.3.3.0
2023-04-09 21:15:25,008 [INFO] BoardInfo:880 - No configuration file found for board P-NUCLEO-WB55
2023-04-09 21:15:25,010 [INFO] DbBoards:157 - Kit is not supported: P-NUCLEO-WB55
2023-04-09 21:15:25,015 [INFO] BoardInfo:880 - No configuration file found for board STEVAL-BFA001V1B
2023-04-09 21:15:25,016 [INFO] DbBoards:157 - Kit is not supported: STEVAL-BFA001V1B
2023-04-09 21:15:25,017 [INFO] BoardInfo:880 - No configuration file found for board STEVAL-BFA001V2B
2023-04-09 21:15:25,017 [INFO] DbBoards:157 - Kit is not supported: STEVAL-BFA001V2B
2023-04-09 21:15:25,099 [WARN] PackLoader:240 - Cannot read IP mode file for STMicroelectronics.X-CUBE-AZRTOS-H7.3.0.0
2023-04-09 21:15:25,134 [WARN] PackLoader:240 - Cannot read IP mode file for STMicroelectronics.X-CUBE-ISPU.1.1.0
2023-04-09 21:15:25,140 [INFO] DbBoards:161 - Found 187 boards, 184 are supported
2023-04-09 21:15:25,149 [INFO] ApiDb:668 - CubeFinder database Data Model version=2.1
2023-04-09 21:15:25,149 [INFO] ApiDb:669 - CubeFinder database Configuration version=3.0.35
2023-04-09 21:15:25,150 [INFO] ApiDb:670 - CubeFinder database generation date=2023-03-10 (1678456172)
2023-04-09 21:15:25,150 [INFO] ApiDb:671 - CubeFinder database FW Pack versions=[FP-ATR-ASTRA1_V1.1.1, STM32Cube_FW_C0_V1.0.1, STM32Cube_FW_F0_V1.11.4, STM32Cube_FW_F3_V1.11.4, STM32Cube_FW_F4_V1.27.1, STM32Cube_FW_F7_V1.17.0, STM32Cube_FW_G0_V1.6.1, STM32Cube_FW_G4_V1.5.1, STM32Cube_FW_H5_V0.5.1, STM32Cube_FW_H5_V1.0.0, STM32Cube_FW_H7_V1.11.0, STM32Cube_FW_L0_V1.12.2, STM32Cube_FW_L5_V1.5.0, STM32Cube_FW_U5_V1.2.0, STM32Cube_FW_WBA_V1.0.0, STM32Cube_FW_WBA_V1.0.0RC1, STM32Cube_FW_WBA_V1.0.0RC3, STM32Cube_FW_WB_V1.15.0RC1, STM32Cube_FW_WB_V1.16.0, STM32Cube_FW_WB_V1.16.0RC2, STM32Cube_FW_WL_V1.3.0, X-CUBE-ALGOBUILD_V1.3.0, X-CUBE-ALS_V1.0.1, X-CUBE-AZRTOS-F4_V1.1.0, X-CUBE-AZRTOS-F7_V1.1.0, X-CUBE-AZRTOS-G0_V1.1.0, X-CUBE-AZRTOS-G4_V1.0.0, X-CUBE-AZRTOS-H7_V3.0.0, X-CUBE-AZRTOS-L4_V1.0.0, X-CUBE-AZRTOS-L5_V1.1.0, X-CUBE-AZRTOS-WB_V1.1.0, X-CUBE-AZRTOS-WL_V1.0.0, X-CUBE-BLE1_V6.2.4, X-CUBE-BLE2_V3.3.0, X-CUBE-BLEMGR_V1.3.0, X-CUBE-EEPRMA1_V4.1.0, X-CUBE-GNSS1_V6.0.0, X-CUBE-MEMS1_V9.1.0, X-CUBE-MEMS1_V9.4.0, X-CUBE-MEMS1_V9.5.0, X-CUBE-NFC4_V3.0.0, X-CUBE-NFC7_V1.0.0, X-CUBE-SFXS2LP1_V4.0.0, X-CUBE-SUBG2_V5.0.0]
2023-04-09 21:15:25,208 [WARN] PackLoader:240 - Cannot read IP mode file for RoweBots.I-CUBE-UNISONRTOS.5.5.0-4
2023-04-09 21:15:25,231 [WARN] PackLoader:240 - Cannot read IP mode file for STMicroelectronics.X-CUBE-AI.8.0.0
2023-04-09 21:15:25,261 [WARN] PackLoader:240 - Cannot read IP mode file for STMicroelectronics.X-CUBE-FREERTOS.1.0.0
2023-04-09 21:15:25,273 [WARN] PackLoader:240 - Cannot read IP mode file for STMicroelectronics.X-CUBE-TOUCHGFX.4.21.3
2023-04-09 21:15:25,294 [WARN] PackLoader:240 - Cannot read IP mode file for STMicroelectronics.X-CUBE-ALGOBUILD.1.3.0
2023-04-09 21:15:25,336 [WARN] PackLoader:240 - Cannot read IP mode file for STMicroelectronics.X-CUBE-AZRTOS-L5.1.1.0
2023-04-09 21:15:25,371 [WARN] PackLoader:240 - Cannot read IP mode file for STMicroelectronics.X-CUBE-AZRTOS-G0.1.1.0
2023-04-09 21:15:25,391 [WARN] PackLoader:240 - Cannot read IP mode file for STMicroelectronics.X-CUBE-SUBG2.5.0.0
2023-04-09 21:15:25,404 [WARN] PackLoader:240 - Cannot read IP mode file for STMicroelectronics.X-CUBE-NFC4.3.0.0
2023-04-09 21:15:25,418 [WARN] PackLoader:240 - Cannot read IP mode file for STMicroelectronics.X-CUBE-TOF1.3.3.0
2023-04-09 21:15:25,439 [WARN] PackLoader:240 - Cannot read IP mode file for STMicroelectronics.FP-ATR-ASTRA1.1.1.1
2023-04-09 21:15:25,485 [WARN] PackLoader:240 - Cannot read IP mode file for STMicroelectronics.X-CUBE-AZRTOS-G4.1.0.0
2023-04-09 21:15:25,496 [WARN] PackLoader:240 - Cannot read IP mode file for STMicroelectronics.FP-ATR-SIGFOX1.3.2.0
2023-04-09 21:15:25,519 [WARN] PackLoader:240 - Cannot read IP mode file for STMicroelectronics.X-CUBE-AZRTOS-L4.1.0.0
2023-04-09 21:15:25,539 [WARN] PackLoader:240 - Cannot read IP mode file for STMicroelectronics.X-CUBE-AZRTOS-WL.1.0.0
2023-04-09 21:15:25,553 [WARN] PackLoader:240 - Cannot read IP mode file for portGmbH.I-Cube-SoM-uGOAL.1.1.0
2023-04-09 21:15:25,562 [WARN] PackLoader:240 - Cannot read IP mode file for STMicroelectronics.X-CUBE-ALS.1.0.1
2023-04-09 21:15:25,635 [WARN] PackLoader:240 - Cannot read IP mode file for STMicroelectronics.X-CUBE-MEMS1.9.5.0
2023-04-09 21:15:25,802 [WARN] PackLoader:240 - Cannot read IP mode file for STMicroelectronics.X-CUBE-AZRTOS-WB.1.1.0
2023-04-09 21:15:25,856 [WARN] PackLoader:240 - Cannot read IP mode file for SEGGER.I-CUBE-embOS.1.3.1
2023-04-09 21:15:25,899 [INFO] ThirdParty:978 - Integrity check success = true
2023-04-09 21:15:25,899 [INFO] IntegrityCheckThread:100 - exiting critical section [integrity check]
2023-04-09 21:15:25,899 [INFO] IntegrityCheckThread:103 - End integrity checks thread
2023-04-09 21:15:26,304 [INFO] ApiDb:240 - Found 297 in-development CPN: [B-G473E-ZEST1S, B-WB1M-WPAN1, B-WL5M-SUBG1, NUCLEO-C031C6, NUCLEO-H503RB, NUCLEO-H563ZI, NUCLEO-U545RE-Q, NUCLEO-U5A5ZJ-Q, NUCLEO-WBA52CG, STEVAL-PROTEUS1, STEVAL-STWINBX1, STM320518-EVAL, STM32C0116-DK, STM32C011D6Y3TR, STM32C011D6Y6TR, STM32C011F4P3, STM32C011F4P6, STM32C011F4U3, STM32C011F4U6TR, STM32C011F6P3, STM32C011F6P6, STM32C011F6U3, STM32C011F6U6TR, STM32C011J4M3, STM32C011J4M6, STM32C011J6M3, STM32C011J6M6, STM32C0316-DK, STM32C031C4T3, STM32C031C4T6, STM32C031C4U3, STM32C031C4U6, STM32C031C6T3, STM32C031C6T6, STM32C031C6U3, STM32C031C6U6, STM32C031F4P3, STM32C031F4P6, STM32C031F6P3, STM32C031F6P6, STM32C031G4U3, STM32C031G4U6, STM32C031G6U3, STM32C031G6U6, STM32C031K4T3, STM32C031K4T6, STM32C031K4U3, STM32C031K4U6, STM32C031K6T3, STM32C031K6T6, STM32C031K6U3, STM32C031K6U6, STM32G071K8TXN, STM32G071K8UXN, STM32G081GBU6N, STM32G081KBT6N, STM32G081KBUXN, STM32G0B1CCT6N, STM32G0B1KCT6, STM32G0B1NEY6TR, STM32G0B1RCT6N, STM32G0C1CCT6, STM32G0C1CCT6N, STM32G0C1CCU6N, STM32G0C1CET6N, STM32G0C1CEU6N, STM32G0C1KCT6, STM32G0C1NEY6TR, STM32G0C1RCI6N, STM32G0C1RCT6N, STM32G0C1REI6N, STM32G0C1RET6N, STM32G0C1VCI6, STM32G0C1VEI6, STM32G471CCT6, STM32G471CCU6, STM32G471CET3, STM32G471CET6, STM32G471CEU3, STM32G471CEU6, STM32G471MCT6, STM32G471MET3, STM32G471MET6, STM32G471MEY6TR, STM32G471QCT6, STM32G471QET3, STM32G471RCT6, STM32G471RET3, STM32G471RET6, STM32G471VCH6, STM32G471VCI6, STM32G471VCT6, STM32G471VEH3, STM32G471VEH6, STM32G471VEI3, STM32G471VEI6, STM32G471VET3, STM32G471VET6, STM32G474CCT6, STM32H503CBT6, STM32H503CBU6, STM32H503EBY6TR, STM32H503KBU6, STM32H503RBT6, STM32H562AGI6, STM32H562AII6, STM32H562IGK6, STM32H562IGT6, STM32H562IIK6, STM32H562IIT6, STM32H562RGT6, STM32H562RGV6, STM32H562RIT6, STM32H562RIV6, STM32H562VGT6, STM32H562VIT6, STM32H562ZGT6, STM32H562ZIT6, STM32H563AGI6, STM32H563AII3Q, STM32H563AII6, STM32H563IGK6, STM32H563IGT6, STM32H563IIK3Q, STM32H563IIK6, STM32H563IIT3Q, STM32H563IIT6, STM32H563MIY3QTR, STM32H563RGT6, STM32H563RGV6, STM32H563RIT6, STM32H563RIV6, STM32H563VGT6, STM32H563VIT3Q, STM32H563VIT6, STM32H563ZGT6, STM32H563ZIT3Q, STM32H563ZIT6, STM32H573AII3Q, STM32H573AII6, STM32H573I-DK, STM32H573IIK3Q, STM32H573IIK6, STM32H573IIT3Q, STM32H573IIT6, STM32H573MIY3QTR, STM32H573RIT6, STM32H573RIV6, STM32H573VIT3Q, STM32H573VIT6, STM32H573ZIT3Q, STM32H573ZIT6, STM32L4R5QGI6STR, STM32MP131AAE3, STM32MP131AAF3, STM32MP131AAG3, STM32MP131CAE3, STM32MP131CAF3, STM32MP131CAG3, STM32MP131DAE7, STM32MP131DAF7, STM32MP131DAG7, STM32MP131FAE7, STM32MP131FAF7, STM32MP131FAG7, STM32MP133AAE3, STM32MP133AAF3, STM32MP133AAG3, STM32MP133CAE3, STM32MP133CAF3, STM32MP133CAG3, STM32MP133DAE7, STM32MP133DAF7, STM32MP133DAG7, STM32MP133FAE7, STM32MP133FAF7, STM32MP133FAG7, STM32MP135AAE3, STM32MP135AAF3, STM32MP135AAG3, STM32MP135CAE3, STM32MP135CAF3, STM32MP135CAG3, STM32MP135DAE7, STM32MP135DAF7, STM32MP135DAG7, STM32MP135F-DK, STM32MP135FAE7, STM32MP135FAF7, STM32MP135FAF7T, STM32MP135FAF7U, STM32MP135FAG7, STM32U535CBT6, STM32U535CBT6Q, STM32U535CBU6, STM32U535CBU6Q, STM32U535CCT6, STM32U535CCT6Q, STM32U535CCU6, STM32U535CCU6Q, STM32U535CET6, STM32U535CET6Q, STM32U535CEU6, STM32U535CEU6Q, STM32U535JEY6QTR, STM32U535NCY6QTR, STM32U535NEY6QTR, STM32U535RBI6, STM32U535RBI6Q, STM32U535RBT6, STM32U535RBT6Q, STM32U535RCI6, STM32U535RCI6Q, STM32U535RCT6, STM32U535RCT6Q, STM32U535REI6, STM32U535REI6Q, STM32U535RET6, STM32U535RET6Q, STM32U535VCI6, STM32U535VCI6Q, STM32U535VCT6, STM32U535VCT6Q, STM32U535VEI6, STM32U535VEI6Q, STM32U535VET6, STM32U535VET6Q, STM32U545CET6, STM32U545CET6Q, STM32U545CEU6, STM32U545CEU6Q, STM32U545JEY6QTR, STM32U545NEY6QTR, STM32U545REI6, STM32U545REI6Q, STM32U545RET6, STM32U545RET6Q, STM32U545VEI6, STM32U545VEI6Q, STM32U545VET6, STM32U545VET6Q, STM32U595AIH6, STM32U595AIH6Q, STM32U595AJH6, STM32U595AJH6Q, STM32U595QII6, STM32U595QII6Q, STM32U595QJI6, STM32U595QJI6Q, STM32U595RIT6, STM32U595RIT6Q, STM32U595RJT6, STM32U595RJT6Q, STM32U595VIT6, STM32U595VIT6Q, STM32U595VJT6, STM32U595VJT6Q, STM32U595ZIT6, STM32U595ZIT6Q, STM32U595ZIY6QTR, STM32U595ZJT6, STM32U595ZJT6Q, STM32U595ZJY6QTR, STM32U599BJY6QTR, STM32U599NIH6Q, STM32U599NJH6Q, STM32U599VIT6Q, STM32U599VJT6, STM32U599VJT6Q, STM32U599ZIT6Q, STM32U599ZIY6QTR, STM32U599ZJT6Q, STM32U599ZJY6QTR, STM32U5A5AJH6, STM32U5A5AJH6Q, STM32U5A5QJI6, STM32U5A5QJI6Q, STM32U5A5RJT6, STM32U5A5RJT6Q, STM32U5A5VJT6, STM32U5A5VJT6Q, STM32U5A5ZJT6, STM32U5A5ZJT6Q, STM32U5A5ZJY6QTR, STM32U5A9BJY6QTR, STM32U5A9J-DK, STM32U5A9NJH6Q, STM32U5A9VJT6Q, STM32U5A9ZJT6Q, STM32U5A9ZJY6QTR, STM32WB1MMCH6, STM32WBA52CEU6, STM32WBA52CEU6T, STM32WBA52CGU6, STM32WBA52CGU6T, STM32WL5MOCH6, STM32WL5MOCH6TR]
2023-04-09 21:15:26,311 [INFO] DbMcus:216 - Found 3775 MCUs, 3775 are supported
2023-04-09 21:15:26,319 [INFO] ApiDb:423 - Load user favorites file /Users/arjun/.stm32cubeide/favorites.mcus.txt: 0 item(s)
2023-04-09 21:15:26,320 [INFO] ApiDb:427 - User favorites MCUs=[]
2023-04-09 21:15:26,321 [INFO] DbMcus:222 - Set 0 / 0 favorites MCUs
2023-04-09 21:15:26,537 [INFO] ApiDb:423 - Load user favorites file /Users/arjun/.stm32cubeide/favorites.boards.txt: 1 item(s)
2023-04-09 21:15:26,537 [INFO] ApiDb:427 - User favorites Boards=[NUCLEO-H743ZI2]
2023-04-09 21:15:26,538 [INFO] DbBoards:190 - Set 1 / 1 favorites Boards
2023-04-09 21:15:26,539 [INFO] McuFinderGlobals:66 - Set McuFinderConnectedMode to true
2023-04-09 21:15:26,556 [INFO] MultiScanPanel:200 - Auto-refresh data requested => check proxy status ongoing
2023-04-09 21:15:26,562 [INFO] FinderPluginLoader:95 - Searching for filters in installed packs
2023-04-09 21:15:28,232 [INFO] LoadUrlFilesThread:185 - End of LoadServerUrlFiles without Thread
2023-04-09 21:15:28,254 [INFO] DetailPanel:341 - Set advertising image to /Users/arjun/STM32Cube/Repository//en.prom-stm32h5-mcu-finder.jpg
2023-04-09 21:15:32,655 [ERROR] LogOutputStream:75 - [STDERR_REDIRECT] SLF4J: Failed to load class "org.slf4j.impl.StaticLoggerBinder".
2023-04-09 21:15:32,657 [ERROR] LogOutputStream:75 - [STDERR_REDIRECT] SLF4J: Defaulting to no-operation (NOP) logger implementation
2023-04-09 21:15:32,658 [ERROR] LogOutputStream:75 - [STDERR_REDIRECT] SLF4J: See http://www.slf4j.org/codes.html#StaticLoggerBinder for further details.
2023-04-09 21:15:47,039 [INFO] MainUpdater:2854 - connection check result : 10
2023-04-09 21:15:47,040 [INFO] MainUpdater:2854 - connection check result : 10
2023-04-09 21:15:47,142 [INFO] MicroXplorer:468 - Change Database Path : 
2023-04-09 21:15:47,143 [INFO] MicroXplorer:498 - Change Database Version : DB.6.0.80
2023-04-09 21:15:47,147 [WARN] ThirdParty:871 - waiting for thirdparty lock release [close project]
2023-04-09 21:15:47,147 [INFO] ThirdParty:873 - entering critical section [close project]
2023-04-09 21:15:47,152 [INFO] ThirdParty:883 - exiting critical section [close project]
2023-04-09 21:15:47,159 [INFO] PinOutPanel:1499 - setPackage(No Configuration,No Configuration)
2023-04-09 21:15:47,172 [INFO] UtilMem:75 - Begin LoadConfig() Used Memory: 165396584 Bytes (277872640)
2023-04-09 21:15:47,175 [INFO] MicroXplorer:468 - Change Database Path : 
2023-04-09 21:15:47,175 [INFO] MicroXplorer:498 - Change Database Version : DB.6.0.80
2023-04-09 21:15:47,175 [INFO] OpenFileManager:308 - Change cursor
2023-04-09 21:15:47,282 [INFO] Mcu:1937 - Initializing MCU STM32H743ZITx STM32H743ZITx STM32H743ZIT6
2023-04-09 21:15:52,268 [INFO] Context:659 - Trying to add GPIOservice into a context  which must be forbidden
2023-04-09 21:15:56,126 [INFO] RtosManager:555 - Registered RTOS mode: class=CMSIS, group=RTOS, mode=CMSIS_V1, owner=FREERTOS
2023-04-09 21:15:56,129 [INFO] RtosManager:555 - Registered RTOS mode: class=CMSIS, group=RTOS2, mode=CMSIS_V2, owner=FREERTOS
2023-04-09 21:15:56,129 [INFO] RtosManager:555 - Registered RTOS mode: class=RTOS, group=Core, mode=CMSIS_V1, owner=FREERTOS
2023-04-09 21:15:56,129 [INFO] RtosManager:555 - Registered RTOS mode: class=RTOS, group=Core, mode=CMSIS_V2, owner=FREERTOS
2023-04-09 21:15:56,137 [WARN] ModelIntegratedComponent:184 - Missing modes for component STMicroelectronics:FreeRTOS:0.0.1:STMicroelectronics:RTOS:FreeRTOS:Core:::10.2.0:
2023-04-09 21:15:56,206 [WARN] ModelIntegratedComponent:63 - No mode defined for component null
2023-04-09 21:15:56,206 [WARN] ModelIntegratedComponent:63 - No mode defined for component null
2023-04-09 21:15:56,206 [WARN] ModelIntegratedComponent:63 - No mode defined for component null
2023-04-09 21:15:56,207 [WARN] ModelIntegratedComponent:63 - No mode defined for component null
2023-04-09 21:15:56,207 [WARN] ModelIntegratedComponent:63 - No mode defined for component null
2023-04-09 21:15:56,207 [WARN] ModelIntegratedComponent:63 - No mode defined for component null
2023-04-09 21:15:56,207 [WARN] ModelIntegratedComponent:63 - No mode defined for component null
2023-04-09 21:15:56,207 [WARN] ModelIntegratedComponent:63 - No mode defined for component null
2023-04-09 21:15:56,207 [WARN] ModelIntegratedComponent:63 - No mode defined for component null
2023-04-09 21:15:56,207 [WARN] ModelIntegratedComponent:63 - No mode defined for component null
2023-04-09 21:15:56,207 [WARN] ModelIntegratedComponent:63 - No mode defined for component null
2023-04-09 21:15:56,207 [WARN] ModelIntegratedComponent:63 - No mode defined for component null
2023-04-09 21:15:56,207 [WARN] ModelIntegratedComponent:63 - No mode defined for component null
2023-04-09 21:15:56,207 [WARN] ModelIntegratedComponent:63 - No mode defined for component null
2023-04-09 21:15:56,207 [WARN] ModelIntegratedComponent:63 - No mode defined for component null
2023-04-09 21:15:56,207 [WARN] ModelIntegratedComponent:63 - No mode defined for component null
2023-04-09 21:15:56,207 [WARN] ModelIntegratedComponent:63 - No mode defined for component null
2023-04-09 21:15:56,207 [WARN] ModelIntegratedComponent:63 - No mode defined for component null
2023-04-09 21:15:56,207 [WARN] ModelIntegratedComponent:63 - No mode defined for component null
2023-04-09 21:15:56,207 [WARN] ModelIntegratedComponent:63 - No mode defined for component null
2023-04-09 21:15:56,207 [WARN] ModelIntegratedComponent:63 - No mode defined for component null
2023-04-09 21:15:56,207 [WARN] ModelIntegratedComponent:63 - No mode defined for component null
2023-04-09 21:15:56,207 [WARN] ModelIntegratedComponent:63 - No mode defined for component null
2023-04-09 21:15:56,207 [WARN] ModelIntegratedComponent:63 - No mode defined for component null
2023-04-09 21:15:56,207 [WARN] ModelIntegratedComponent:63 - No mode defined for component null
2023-04-09 21:15:56,207 [WARN] ModelIntegratedComponent:63 - No mode defined for component null
2023-04-09 21:15:56,207 [WARN] ModelIntegratedComponent:63 - No mode defined for component null
2023-04-09 21:15:56,207 [WARN] ModelIntegratedComponent:63 - No mode defined for component null
2023-04-09 21:15:56,207 [WARN] ModelIntegratedComponent:63 - No mode defined for component null
2023-04-09 21:15:56,207 [WARN] ModelIntegratedComponent:63 - No mode defined for component null
2023-04-09 21:15:56,207 [WARN] ModelIntegratedComponent:63 - No mode defined for component null
2023-04-09 21:15:56,207 [WARN] ModelIntegratedComponent:63 - No mode defined for component null
2023-04-09 21:15:56,207 [WARN] ModelIntegratedComponent:63 - No mode defined for component null
2023-04-09 21:15:56,346 [INFO] ThirdPartyModel:298 - Start build external matchings
2023-04-09 21:15:56,712 [INFO] ThirdPartyModel:316 - End build external matchings
2023-04-09 21:15:56,807 [INFO] ImportTextPane:194 - (OptionalMessage_ERROR) IP (RCC) : Invalid parameter (FamilyName)
2023-04-09 21:15:57,593 [INFO] UtilMem:75 - End LoadConfig() Used Memory: 269098056 Bytes (386924544)
2023-04-09 21:15:57,722 [WARN] ThirdParty:833 - waiting for thirdparty lock release [change project]
2023-04-09 21:15:57,724 [INFO] ThirdParty:835 - entering critical section [change project]
2023-04-09 21:15:57,726 [INFO] ThirdParty:1030 - CMSIS Pack Vendor :STMicroelectronics X-CUBE-ISPU 1.1.0
2023-04-09 21:15:57,727 [INFO] ThirdParty:1030 - CMSIS Pack Vendor :RoweBots I-CUBE-UNISONRTOS 5.5.0-4
2023-04-09 21:15:57,727 [INFO] ThirdParty:1030 - CMSIS Pack Vendor :STMicroelectronics X-CUBE-GNSS1 6.0.0
2023-04-09 21:15:57,727 [INFO] ThirdParty:1030 - CMSIS Pack Vendor :STMicroelectronics USB_HOST 2.0.0
2023-04-09 21:15:57,727 [INFO] ThirdParty:1030 - CMSIS Pack Vendor :STMicroelectronics X-CUBE-AZRTOS-F4 1.1.0
2023-04-09 21:15:57,727 [INFO] ThirdParty:1030 - CMSIS Pack Vendor :STMicroelectronics LIBJPEG 8.0.0
2023-04-09 21:15:57,727 [INFO] ThirdParty:1030 - CMSIS Pack Vendor :wolfSSL I-CUBE-wolfSSL 5.6.0
2023-04-09 21:15:57,727 [INFO] ThirdParty:1030 - CMSIS Pack Vendor :STMicroelectronics USB_DEVICE 3.0.0
2023-04-09 21:15:57,727 [INFO] ThirdParty:1030 - CMSIS Pack Vendor :STMicroelectronics X-CUBE-AI 8.0.0
2023-04-09 21:15:57,727 [INFO] ThirdParty:1030 - CMSIS Pack Vendor :STMicroelectronics X-CUBE-FREERTOS 1.0.0
2023-04-09 21:15:57,727 [INFO] ThirdParty:1030 - CMSIS Pack Vendor :STMicroelectronics X-CUBE-TOUCHGFX 4.21.3
2023-04-09 21:15:57,727 [INFO] ThirdParty:1030 - CMSIS Pack Vendor :STMicroelectronics X-CUBE-AZRTOS-F7 1.1.0
2023-04-09 21:15:57,727 [INFO] ThirdParty:1030 - CMSIS Pack Vendor :STMicroelectronics USB_DEVICE 2.0.0
2023-04-09 21:15:57,727 [INFO] ThirdParty:1030 - CMSIS Pack Vendor :STMicroelectronics X-CUBE-ALGOBUILD 1.3.0
2023-04-09 21:15:57,727 [INFO] ThirdParty:1030 - CMSIS Pack Vendor :STMicroelectronics X-CUBE-BLE1 6.2.4
2023-04-09 21:15:57,727 [INFO] ThirdParty:1030 - CMSIS Pack Vendor :STMicroelectronics X-CUBE-AZRTOS-L5 1.1.0
2023-04-09 21:15:57,727 [INFO] ThirdParty:1030 - CMSIS Pack Vendor :STMicroelectronics FreeRTOS 0.0.1
2023-04-09 21:15:57,727 [INFO] ThirdParty:1030 - CMSIS Pack Vendor :emotas I-CUBE-CANOPEN 1.1.3
2023-04-09 21:15:57,727 [INFO] ThirdParty:1030 - CMSIS Pack Vendor :STMicroelectronics X-CUBE-AZRTOS-G0 1.1.0
2023-04-09 21:15:57,727 [INFO] ThirdParty:1030 - CMSIS Pack Vendor :STMicroelectronics X-CUBE-BLEMGR 2.0.0
2023-04-09 21:15:57,728 [INFO] ThirdParty:1030 - CMSIS Pack Vendor :STMicroelectronics X-CUBE-SUBG2 5.0.0
2023-04-09 21:15:57,728 [INFO] ThirdParty:1030 - CMSIS Pack Vendor :STMicroelectronics X-CUBE-NFC4 3.0.0
2023-04-09 21:15:57,728 [INFO] ThirdParty:1030 - CMSIS Pack Vendor :STMicroelectronics STM32_WPAN 1.0.0
2023-04-09 21:15:57,728 [INFO] ThirdParty:1030 - CMSIS Pack Vendor :STMicroelectronics lwIP 2.0.3
2023-04-09 21:15:57,728 [INFO] ThirdParty:1030 - CMSIS Pack Vendor :STMicroelectronics USB_HOST 1.0.0
2023-04-09 21:15:57,728 [INFO] ThirdParty:1030 - CMSIS Pack Vendor :STMicroelectronics PDM2PCM 3.1.0
2023-04-09 21:15:57,728 [INFO] ThirdParty:1030 - CMSIS Pack Vendor :STMicroelectronics X-CUBE-TOF1 3.3.0
2023-04-09 21:15:57,728 [INFO] ThirdParty:1030 - CMSIS Pack Vendor :STMicroelectronics FP-ATR-ASTRA1 1.1.1
2023-04-09 21:15:57,728 [INFO] ThirdParty:1030 - CMSIS Pack Vendor :STMicroelectronics PDM2PCM 3.3.0
2023-04-09 21:15:57,728 [INFO] ThirdParty:1030 - CMSIS Pack Vendor :STMicroelectronics X-CUBE-DISPLAY 3.0.0
2023-04-09 21:15:57,728 [INFO] ThirdParty:1030 - CMSIS Pack Vendor :STMicroelectronics X-CUBE-AZRTOS-G4 1.0.0
2023-04-09 21:15:57,728 [INFO] ThirdParty:1030 - CMSIS Pack Vendor :STMicroelectronics FP-ATR-SIGFOX1 3.2.0
2023-04-09 21:15:57,728 [INFO] ThirdParty:1030 - CMSIS Pack Vendor :STMicroelectronics X-CUBE-AZRTOS-L4 1.0.0
2023-04-09 21:15:57,728 [INFO] ThirdParty:1030 - CMSIS Pack Vendor :STMicroelectronics HAL Drivers 0.0.0
2023-04-09 21:15:57,728 [INFO] ThirdParty:1030 - CMSIS Pack Vendor :STMicroelectronics MBEDTLS 2.16.2
2023-04-09 21:15:57,728 [INFO] ThirdParty:1030 - CMSIS Pack Vendor :STMicroelectronics MBEDTLS 2.14.1
2023-04-09 21:15:57,728 [INFO] ThirdParty:1030 - CMSIS Pack Vendor :STMicroelectronics X-CUBE-NFC7 1.0.0
2023-04-09 21:15:57,728 [INFO] ThirdParty:1030 - CMSIS Pack Vendor :STMicroelectronics X-CUBE-AZRTOS-WL 1.0.0
2023-04-09 21:15:57,728 [INFO] ThirdParty:1030 - CMSIS Pack Vendor :STMicroelectronics X-CUBE-EEPRMA1 4.1.0
2023-04-09 21:15:57,728 [INFO] ThirdParty:1030 - CMSIS Pack Vendor :portGmbH I-Cube-SoM-uGOAL 1.1.0
2023-04-09 21:15:57,728 [INFO] ThirdParty:1030 - CMSIS Pack Vendor :STMicroelectronics X-CUBE-ALS 1.0.1
2023-04-09 21:15:57,728 [INFO] ThirdParty:1030 - CMSIS Pack Vendor :STMicroelectronics X-CUBE-MEMS1 9.5.0
2023-04-09 21:15:57,728 [INFO] ThirdParty:1030 - CMSIS Pack Vendor :STMicroelectronics ThreadX 1.0.0
2023-04-09 21:15:57,728 [INFO] ThirdParty:1030 - CMSIS Pack Vendor :STMicroelectronics X-CUBE-AZRTOS-WB 1.1.0
2023-04-09 21:15:57,728 [INFO] ThirdParty:1030 - CMSIS Pack Vendor :SEGGER I-CUBE-embOS 1.3.1
2023-04-09 21:15:57,728 [INFO] ThirdParty:1030 - CMSIS Pack Vendor :STMicroelectronics USB_DEVICE 1.0.0
2023-04-09 21:15:57,728 [INFO] ThirdParty:1030 - CMSIS Pack Vendor :STMicroelectronics ThreadX 0.0.2
2023-04-09 21:15:57,728 [INFO] ThirdParty:1030 - CMSIS Pack Vendor :WES I-CUBE-Cesium 1.3.0
2023-04-09 21:15:57,728 [INFO] ThirdParty:1030 - CMSIS Pack Vendor :STMicroelectronics lwIP 2.1.2
2023-04-09 21:15:57,728 [INFO] ThirdParty:1030 - CMSIS Pack Vendor :STMicroelectronics X-CUBE-SFXS2LP1 4.0.0
2023-04-09 21:15:57,728 [INFO] ThirdParty:1030 - CMSIS Pack Vendor :STMicroelectronics X-CUBE-BLE2 3.3.0
2023-04-09 21:15:57,728 [INFO] ThirdParty:1030 - CMSIS Pack Vendor :STMicroelectronics PDM2PCM 3.2.0
2023-04-09 21:15:57,728 [INFO] ThirdParty:1030 - CMSIS Pack Vendor :STMicroelectronics X-CUBE-AZRTOS-H7 3.0.0
2023-04-09 21:15:57,730 [INFO] ThirdParty:841 - exiting critical section [change project]
2023-04-09 21:15:59,164 [INFO] PinOutPanel:1499 - setPackage(No Configuration,No Configuration)
2023-04-09 21:15:59,177 [INFO] PinOutPanel:1499 - setPackage(STM32H743ZITx,LQFP144)
2023-04-09 21:16:00,965 [INFO] UtilMem:75 - Before build in PCC Used Memory: 303261088 Bytes (386924544)
2023-04-09 21:16:03,209 [INFO] UtilMem:75 - After build in PCC Used Memory: 336850720 Bytes (386924544)
2023-04-09 21:16:03,360 [INFO] IPUIPlugin:80 - create IPUIPlugin
2023-04-09 21:16:03,360 [INFO] IPUIPlugin:80 - create IPUIPlugin
2023-04-09 21:16:03,361 [INFO] IPUIPlugin:80 - create IPUIPlugin
2023-04-09 21:16:03,362 [INFO] IPUIPlugin:80 - create IPUIPlugin
2023-04-09 21:16:03,362 [INFO] IPUIPlugin:80 - create IPUIPlugin
2023-04-09 21:16:03,363 [INFO] IPUIPlugin:80 - create IPUIPlugin
2023-04-09 21:16:03,363 [INFO] IPUIPlugin:80 - create IPUIPlugin
2023-04-09 21:16:03,363 [INFO] IPUIPlugin:80 - create IPUIPlugin
2023-04-09 21:16:03,363 [INFO] IPUIPlugin:80 - create IPUIPlugin
2023-04-09 21:16:03,363 [INFO] IPUIPlugin:80 - create IPUIPlugin
2023-04-09 21:16:03,364 [INFO] IPUIPlugin:80 - create IPUIPlugin
2023-04-09 21:16:03,364 [INFO] IPUIPlugin:80 - create IPUIPlugin
2023-04-09 21:16:03,364 [INFO] IPUIPlugin:80 - create IPUIPlugin
2023-04-09 21:16:03,364 [INFO] IPUIPlugin:80 - create IPUIPlugin
2023-04-09 21:16:03,364 [INFO] IPUIPlugin:80 - create IPUIPlugin
2023-04-09 21:16:03,364 [INFO] IPUIPlugin:80 - create IPUIPlugin
2023-04-09 21:16:03,364 [INFO] IPUIPlugin:80 - create IPUIPlugin
2023-04-09 21:16:03,364 [INFO] IPUIPlugin:80 - create IPUIPlugin
2023-04-09 21:16:03,365 [INFO] IPUIPlugin:80 - create IPUIPlugin
2023-04-09 21:16:03,369 [INFO] IPUIPlugin:80 - create IPUIPlugin
2023-04-09 21:16:03,372 [INFO] IPUIPlugin:80 - create IPUIPlugin
2023-04-09 21:16:03,373 [INFO] IPUIPlugin:80 - create IPUIPlugin
2023-04-09 21:16:03,373 [INFO] IPUIPlugin:80 - create IPUIPlugin
2023-04-09 21:16:03,373 [INFO] IPUIPlugin:80 - create IPUIPlugin
2023-04-09 21:16:03,373 [INFO] IPUIPlugin:80 - create IPUIPlugin
2023-04-09 21:16:03,373 [INFO] IPUIPlugin:80 - create IPUIPlugin
2023-04-09 21:16:03,374 [INFO] IPUIPlugin:80 - create IPUIPlugin
2023-04-09 21:16:03,374 [INFO] IPUIPlugin:80 - create IPUIPlugin
2023-04-09 21:16:03,374 [INFO] IPUIPlugin:80 - create IPUIPlugin
2023-04-09 21:16:03,374 [INFO] IPUIPlugin:80 - create IPUIPlugin
2023-04-09 21:16:03,374 [INFO] IPUIPlugin:80 - create IPUIPlugin
2023-04-09 21:16:03,374 [INFO] IPUIPlugin:80 - create IPUIPlugin
2023-04-09 21:16:03,374 [INFO] IPUIPlugin:80 - create IPUIPlugin
2023-04-09 21:16:03,375 [INFO] IPUIPlugin:80 - create IPUIPlugin
2023-04-09 21:16:03,375 [INFO] IPUIPlugin:80 - create IPUIPlugin
2023-04-09 21:16:03,377 [INFO] IPUIPlugin:80 - create IPUIPlugin
2023-04-09 21:16:03,378 [INFO] IPUIPlugin:80 - create IPUIPlugin
2023-04-09 21:16:03,378 [INFO] IPUIPlugin:80 - create IPUIPlugin
2023-04-09 21:16:03,378 [INFO] IPUIPlugin:80 - create IPUIPlugin
2023-04-09 21:16:03,378 [INFO] IPUIPlugin:80 - create IPUIPlugin
2023-04-09 21:16:03,378 [INFO] IPUIPlugin:80 - create IPUIPlugin
2023-04-09 21:16:03,378 [INFO] IPUIPlugin:80 - create IPUIPlugin
2023-04-09 21:16:03,379 [INFO] IPUIPlugin:80 - create IPUIPlugin
2023-04-09 21:16:03,379 [INFO] IPUIPlugin:80 - create IPUIPlugin
2023-04-09 21:16:03,379 [INFO] IPUIPlugin:80 - create IPUIPlugin
2023-04-09 21:16:03,380 [INFO] IPUIPlugin:80 - create IPUIPlugin
2023-04-09 21:16:03,382 [INFO] IPUIPlugin:80 - create IPUIPlugin
2023-04-09 21:16:03,382 [INFO] IPUIPlugin:80 - create IPUIPlugin
2023-04-09 21:16:03,382 [INFO] IPUIPlugin:80 - create IPUIPlugin
2023-04-09 21:16:03,383 [INFO] IPUIPlugin:80 - create IPUIPlugin
2023-04-09 21:16:03,383 [INFO] IPUIPlugin:80 - create IPUIPlugin
2023-04-09 21:16:03,383 [INFO] IPUIPlugin:80 - create IPUIPlugin
2023-04-09 21:16:03,383 [INFO] IPUIPlugin:80 - create IPUIPlugin
2023-04-09 21:16:03,383 [INFO] IPUIPlugin:80 - create IPUIPlugin
2023-04-09 21:16:03,384 [INFO] IPUIPlugin:80 - create IPUIPlugin
2023-04-09 21:16:03,384 [INFO] IPUIPlugin:80 - create IPUIPlugin
2023-04-09 21:16:03,384 [INFO] IPUIPlugin:80 - create IPUIPlugin
2023-04-09 21:16:03,384 [INFO] IPUIPlugin:80 - create IPUIPlugin
2023-04-09 21:16:03,384 [INFO] IPUIPlugin:80 - create IPUIPlugin
2023-04-09 21:16:03,385 [INFO] IPUIPlugin:80 - create IPUIPlugin
2023-04-09 21:16:03,385 [INFO] IPUIPlugin:80 - create IPUIPlugin
2023-04-09 21:16:03,385 [INFO] IPUIPlugin:80 - create IPUIPlugin
2023-04-09 21:16:03,385 [INFO] IPUIPlugin:80 - create IPUIPlugin
2023-04-09 21:16:03,385 [INFO] IPUIPlugin:80 - create IPUIPlugin
2023-04-09 21:16:03,386 [INFO] IPUIPlugin:80 - create IPUIPlugin
2023-04-09 21:16:03,386 [INFO] IPUIPlugin:80 - create IPUIPlugin
2023-04-09 21:16:03,386 [INFO] IPUIPlugin:80 - create IPUIPlugin
2023-04-09 21:16:03,386 [INFO] IPUIPlugin:80 - create IPUIPlugin
2023-04-09 21:16:03,386 [INFO] IPUIPlugin:80 - create IPUIPlugin
2023-04-09 21:16:03,386 [INFO] IPUIPlugin:80 - create IPUIPlugin
2023-04-09 21:16:03,388 [INFO] IPUIPlugin:80 - create IPUIPlugin
2023-04-09 21:16:03,388 [INFO] IPUIPlugin:80 - create IPUIPlugin
2023-04-09 21:16:03,388 [INFO] IPUIPlugin:80 - create IPUIPlugin
2023-04-09 21:16:03,388 [INFO] IPUIPlugin:80 - create IPUIPlugin
2023-04-09 21:16:03,388 [INFO] IPUIPlugin:80 - create IPUIPlugin
2023-04-09 21:16:03,389 [INFO] IPUIPlugin:80 - create IPUIPlugin
2023-04-09 21:16:03,389 [INFO] IPUIPlugin:80 - create IPUIPlugin
2023-04-09 21:16:03,389 [INFO] IPUIPlugin:80 - create IPUIPlugin
2023-04-09 21:16:03,389 [INFO] IPUIPlugin:80 - create IPUIPlugin
2023-04-09 21:16:03,389 [INFO] IPUIPlugin:80 - create IPUIPlugin
2023-04-09 21:16:03,389 [INFO] IPUIPlugin:80 - create IPUIPlugin
2023-04-09 21:16:03,389 [INFO] IPUIPlugin:80 - create IPUIPlugin
2023-04-09 21:16:03,389 [INFO] IPUIPlugin:80 - create IPUIPlugin
2023-04-09 21:16:03,389 [INFO] IPUIPlugin:80 - create IPUIPlugin
2023-04-09 21:16:03,389 [INFO] IPUIPlugin:80 - create IPUIPlugin
2023-04-09 21:16:03,390 [INFO] IPUIPlugin:80 - create IPUIPlugin
2023-04-09 21:16:03,390 [INFO] IPUIPlugin:80 - create IPUIPlugin
2023-04-09 21:16:03,390 [INFO] IPUIPlugin:80 - create IPUIPlugin
2023-04-09 21:16:03,390 [INFO] IPUIPlugin:80 - create IPUIPlugin
2023-04-09 21:16:03,390 [INFO] IPUIPlugin:80 - create IPUIPlugin
2023-04-09 21:16:03,391 [INFO] IPUIPlugin:80 - create IPUIPlugin
2023-04-09 21:16:03,391 [INFO] IPUIPlugin:80 - create IPUIPlugin
2023-04-09 21:16:03,391 [INFO] IPUIPlugin:80 - create IPUIPlugin
2023-04-09 21:16:03,392 [INFO] IPUIPlugin:80 - create IPUIPlugin
2023-04-09 21:16:03,392 [INFO] IPUIPlugin:80 - create IPUIPlugin
2023-04-09 21:16:03,392 [INFO] IPUIPlugin:80 - create IPUIPlugin
2023-04-09 21:16:03,392 [INFO] IPUIPlugin:80 - create IPUIPlugin
2023-04-09 21:16:03,457 [INFO] ApiDbMcu:507 - Load IP Config File for PDM2PCM
2023-04-09 21:16:04,384 [INFO] CADModel:165 - CPN selected for project levelSTM32H743ZIT6
2023-04-09 21:16:04,386 [INFO] CADModel:114 - Register for checkConnection events
2023-04-09 21:16:04,438 [INFO] OpenFileManager:328 - Restore cursor
2023-04-09 21:16:06,242 [INFO] UtilMem:75 - End SaveConfig() Used Memory: 319588176 Bytes (386924544)
2023-04-09 21:16:06,360 [INFO] UtilMem:75 - End SaveConfig() Used Memory: 251808768 Bytes (386924544)
2023-04-09 21:16:07,051 [INFO] BlockDiagram:2759 - set Specific Code input for plugin: RCC
2023-04-09 21:16:07,054 [INFO] BlockDiagram:2759 - set Specific Code input for plugin: USART
2023-04-09 21:16:07,054 [INFO] BlockDiagram:2759 - set Specific Code input for plugin: ETH
2023-04-09 21:16:07,054 [INFO] BlockDiagram:2759 - set Specific Code input for plugin: SYS
2023-04-09 21:16:07,054 [INFO] BlockDiagram:2759 - set Specific Code input for plugin: USB_OTG_FS
2023-04-09 21:16:07,054 [INFO] BlockDiagram:2759 - set Specific Code input for plugin: NVIC
2023-04-09 21:16:07,054 [INFO] BlockDiagram:2759 - set Specific Code input for plugin: GPIO
2023-04-09 21:16:07,055 [INFO] CodeGenerator:793 - code generatio: config db path: /Applications/STM32CubeIDE.app/Contents/Eclipse/plugins/com.st.stm32cube.common.mx_6.8.0.202302231600//db/
2023-04-09 21:16:07,970 [INFO] CodeEngine:255 - oldGeneratedFile, /Users/arjun/Documents/GitHub/stm32-blink/STM32-blink/MXTmpFiles/license.tmp_save
2023-04-09 21:16:09,177 [INFO] CodeEngine:279 - Generated code: /Users/arjun/Documents/GitHub/stm32-blink/STM32-blink/MXTmpFiles/license.tmp
2023-04-09 21:16:09,816 [INFO] CodeEngine:255 - oldGeneratedFile, /Users/arjun/Documents/GitHub/stm32-blink/STM32-blink/MXTmpFiles/gpio.tmp_save
2023-04-09 21:16:10,119 [INFO] CodeEngine:279 - Generated code: /Users/arjun/Documents/GitHub/stm32-blink/STM32-blink/MXTmpFiles/gpio.tmp
2023-04-09 21:16:11,088 [INFO] CodeEngine:255 - oldGeneratedFile, /Users/arjun/Documents/GitHub/stm32-blink/STM32-blink/MXTmpFiles/cortex.tmp_save
2023-04-09 21:16:11,273 [INFO] CodeEngine:279 - Generated code: /Users/arjun/Documents/GitHub/stm32-blink/STM32-blink/MXTmpFiles/cortex.tmp
2023-04-09 21:16:11,286 [INFO] CodeEngine:255 - oldGeneratedFile, /Users/arjun/Documents/GitHub/stm32-blink/STM32-blink/Core/Src/stm32h7xx_it.c_save
2023-04-09 21:16:11,438 [INFO] CodeEngine:279 - Generated code: /Users/arjun/Documents/GitHub/stm32-blink/STM32-blink/Core/Src/stm32h7xx_it.c
2023-04-09 21:16:11,440 [INFO] CodeEngine:255 - oldGeneratedFile, /Users/arjun/Documents/GitHub/stm32-blink/STM32-blink/Core/Inc/stm32h7xx_it.h_save
2023-04-09 21:16:11,503 [INFO] CodeEngine:279 - Generated code: /Users/arjun/Documents/GitHub/stm32-blink/STM32-blink/Core/Inc/stm32h7xx_it.h
2023-04-09 21:16:11,854 [INFO] CodeEngine:255 - oldGeneratedFile, /Users/arjun/Documents/GitHub/stm32-blink/STM32-blink/Core/Src/stm32h7xx_hal_msp.c_save
2023-04-09 21:16:12,101 [INFO] CodeEngine:279 - Generated code: /Users/arjun/Documents/GitHub/stm32-blink/STM32-blink/Core/Src/stm32h7xx_hal_msp.c
2023-04-09 21:16:12,104 [INFO] CodeEngine:255 - oldGeneratedFile, /Users/arjun/Documents/GitHub/stm32-blink/STM32-blink/MXTmpFiles/system.tmp_save
2023-04-09 21:16:12,168 [INFO] CodeEngine:279 - Generated code: /Users/arjun/Documents/GitHub/stm32-blink/STM32-blink/MXTmpFiles/system.tmp
2023-04-09 21:16:12,175 [INFO] CodeEngine:311 - oldGeneratedFile, /Users/arjun/Documents/GitHub/stm32-blink/STM32-blink/Core/Inc/stm32h7xx_hal_conf.h_save
2023-04-09 21:16:12,263 [INFO] CodeEngine:335 - Generated code: /Users/arjun/Documents/GitHub/stm32-blink/STM32-blink/Core/Inc/stm32h7xx_hal_conf.h
2023-04-09 21:16:12,394 [WARN] IPConfigManager:3431 - IP not found : USB_OTG
2023-04-09 21:16:12,395 [WARN] CodeGenerator:3754 - IP not found : null
2023-04-09 21:16:12,403 [INFO] CodeEngine:255 - oldGeneratedFile, /Users/arjun/Documents/GitHub/stm32-blink/STM32-blink/Core/Inc/main.h_save
2023-04-09 21:16:12,542 [INFO] CodeEngine:279 - Generated code: /Users/arjun/Documents/GitHub/stm32-blink/STM32-blink/Core/Inc/main.h
2023-04-09 21:16:12,545 [INFO] CodeEngine:255 - oldGeneratedFile, /Users/arjun/Documents/GitHub/stm32-blink/STM32-blink/Core/Src/main.c_save
2023-04-09 21:16:12,753 [INFO] CodeEngine:279 - Generated code: /Users/arjun/Documents/GitHub/stm32-blink/STM32-blink/Core/Src/main.c
2023-04-09 21:16:13,711 [INFO] ProjectBuilder:2996 - Time for Copy HAL[1] : 87mS.
2023-04-09 21:16:13,769 [INFO] ProjectBuilder:4304 - Project Generator version: 3.19.2
2023-04-09 21:16:14,308 [INFO] ConfigFileManager:1483 - The Die is : DIE450
2023-04-09 21:16:14,350 [INFO] ApiDbMcu:507 - Load IP Config File for FATFS
2023-04-09 21:16:14,357 [INFO] ApiDbMcu:507 - Load IP Config File for FREERTOS
2023-04-09 21:16:14,360 [INFO] ApiDbMcu:507 - Load IP Config File for LIBJPEG
2023-04-09 21:16:14,367 [INFO] ApiDbMcu:507 - Load IP Config File for LWIP
2023-04-09 21:16:14,371 [INFO] ApiDbMcu:507 - Load IP Config File for MBEDTLS
2023-04-09 21:16:14,387 [INFO] ApiDbMcu:507 - Load IP Config File for USB_DEVICE
2023-04-09 21:16:14,406 [INFO] ApiDbMcu:507 - Load IP Config File for USB_HOST
2023-04-09 21:16:15,612 [INFO] LogOutputStream:77 - [STDOUT_REDIRECT] 
2023-04-09 21:16:19,688 [INFO] ProjectBuilder:4505 - Time for Generating toolchain IDE Files: 5910mS.
2023-04-09 21:16:19,695 [INFO] ProjectBuilder:2867 - Time for Copy CMSIS : 2mS.
2023-04-09 21:16:19,697 [INFO] ProjectBuilder:2867 - Time for Copy CMSIS : 0mS.
2023-04-09 21:16:20,812 [INFO] McuFinderGlobals:66 - Set McuFinderConnectedMode to true
2023-04-09 21:16:21,967 [INFO] ApiDb:448 - Save user favorites file /Users/arjun/.stm32cubeide/favorites.mcus.txt: 0 item(s)
2023-04-09 21:16:21,968 [INFO] ApiDb:452 - User favorites MCUs=[]
2023-04-09 21:17:19,215 [INFO] NvicIntPanel:101 - NVIC parent = com.st.microxplorer.plugins.ip.nvic.MultiNvicIntPanel[,0,0,0x0,invalid,layout=javax.swing.BoxLayout,alignmentX=0.0,alignmentY=0.0,border=,flags=9,maximumSize=,minimumSize=,preferredSize=]
2023-04-09 21:17:28,906 [INFO] NvicIntPanel:101 - NVIC parent = com.st.microxplorer.plugins.ip.nvic.MultiNvicIntPanel[,0,0,0x0,invalid,layout=javax.swing.BoxLayout,alignmentX=0.0,alignmentY=0.0,border=,flags=9,maximumSize=,minimumSize=,preferredSize=]
2023-04-09 21:17:33,533 [INFO] NvicIntPanel:101 - NVIC parent = com.st.microxplorer.plugins.ip.nvic.MultiNvicIntPanel[,0,0,0x0,invalid,layout=javax.swing.BoxLayout,alignmentX=0.0,alignmentY=0.0,border=,flags=9,maximumSize=,minimumSize=,preferredSize=]
2023-04-09 21:17:38,728 [INFO] NvicIntPanel:101 - NVIC parent = com.st.microxplorer.plugins.ip.nvic.MultiNvicIntPanel[,0,0,0x0,invalid,layout=javax.swing.BoxLayout,alignmentX=0.0,alignmentY=0.0,border=,flags=9,maximumSize=,minimumSize=,preferredSize=]
2023-04-09 21:17:47,025 [INFO] NvicIntPanel:101 - NVIC parent = com.st.microxplorer.plugins.ip.nvic.MultiNvicIntPanel[,0,0,0x0,invalid,layout=javax.swing.BoxLayout,alignmentX=0.0,alignmentY=0.0,border=,flags=9,maximumSize=,minimumSize=,preferredSize=]
2023-04-09 21:18:13,756 [INFO] NvicIntPanel:101 - NVIC parent = com.st.microxplorer.plugins.ip.nvic.MultiNvicIntPanel[,0,0,0x0,invalid,layout=javax.swing.BoxLayout,alignmentX=0.0,alignmentY=0.0,border=,flags=9,maximumSize=,minimumSize=,preferredSize=]
2023-04-09 21:18:15,112 [INFO] NvicIntPanel:101 - NVIC parent = com.st.microxplorer.plugins.ip.nvic.MultiNvicIntPanel[,0,0,0x0,invalid,layout=javax.swing.BoxLayout,alignmentX=0.0,alignmentY=0.0,border=,flags=9,maximumSize=,minimumSize=,preferredSize=]
2023-04-09 21:18:17,541 [INFO] NvicIntPanel:101 - NVIC parent = com.st.microxplorer.plugins.ip.nvic.MultiNvicIntPanel[,0,0,0x0,invalid,layout=javax.swing.BoxLayout,alignmentX=0.0,alignmentY=0.0,border=,flags=9,maximumSize=,minimumSize=,preferredSize=]
2023-04-09 21:18:44,449 [INFO] UtilMem:75 - End SaveConfig() Used Memory: 675231888 Bytes (771751936)
2023-04-09 21:18:46,041 [INFO] UtilMem:75 - End SaveConfig() Used Memory: 605113720 Bytes (771751936)
2023-04-09 21:18:46,505 [INFO] UtilMem:75 - End SaveConfig() Used Memory: 637804480 Bytes (771751936)
2023-04-09 21:18:46,885 [INFO] BlockDiagram:2759 - set Specific Code input for plugin: RCC
2023-04-09 21:18:46,885 [INFO] BlockDiagram:2759 - set Specific Code input for plugin: USART
2023-04-09 21:18:46,885 [INFO] BlockDiagram:2759 - set Specific Code input for plugin: ETH
2023-04-09 21:18:46,885 [INFO] BlockDiagram:2759 - set Specific Code input for plugin: TIM1_8H7
2023-04-09 21:18:46,885 [INFO] BlockDiagram:2759 - set Specific Code input for plugin: TIM1_8H7
2023-04-09 21:18:46,885 [INFO] BlockDiagram:2759 - set Specific Code input for plugin: SYS
2023-04-09 21:18:46,885 [INFO] BlockDiagram:2759 - set Specific Code input for plugin: USB_OTG_FS
2023-04-09 21:18:46,885 [INFO] BlockDiagram:2759 - set Specific Code input for plugin: NVIC
2023-04-09 21:18:46,886 [INFO] BlockDiagram:2759 - set Specific Code input for plugin: GPIO
2023-04-09 21:18:46,886 [INFO] CodeGenerator:793 - code generatio: config db path: /Applications/STM32CubeIDE.app/Contents/Eclipse/plugins/com.st.stm32cube.common.mx_6.8.0.202302231600//db/
2023-04-09 21:18:47,155 [INFO] CodeEngine:255 - oldGeneratedFile, /Users/arjun/Documents/GitHub/stm32-blink/STM32-blink/MXTmpFiles/license.tmp_save
2023-04-09 21:18:47,295 [INFO] CodeEngine:279 - Generated code: /Users/arjun/Documents/GitHub/stm32-blink/STM32-blink/MXTmpFiles/license.tmp
2023-04-09 21:18:47,428 [INFO] CodeEngine:255 - oldGeneratedFile, /Users/arjun/Documents/GitHub/stm32-blink/STM32-blink/MXTmpFiles/gpio.tmp_save
2023-04-09 21:18:47,713 [INFO] CodeEngine:279 - Generated code: /Users/arjun/Documents/GitHub/stm32-blink/STM32-blink/MXTmpFiles/gpio.tmp
2023-04-09 21:18:48,461 [INFO] CodeEngine:255 - oldGeneratedFile, /Users/arjun/Documents/GitHub/stm32-blink/STM32-blink/MXTmpFiles/cortex.tmp_save
2023-04-09 21:18:48,629 [INFO] CodeEngine:279 - Generated code: /Users/arjun/Documents/GitHub/stm32-blink/STM32-blink/MXTmpFiles/cortex.tmp
2023-04-09 21:18:48,665 [INFO] CodeEngine:255 - oldGeneratedFile, /Users/arjun/Documents/GitHub/stm32-blink/STM32-blink/Core/Src/stm32h7xx_it.c_save
2023-04-09 21:18:48,789 [INFO] CodeEngine:279 - Generated code: /Users/arjun/Documents/GitHub/stm32-blink/STM32-blink/Core/Src/stm32h7xx_it.c
2023-04-09 21:18:48,791 [INFO] CodeEngine:255 - oldGeneratedFile, /Users/arjun/Documents/GitHub/stm32-blink/STM32-blink/Core/Inc/stm32h7xx_it.h_save
2023-04-09 21:18:48,864 [INFO] CodeEngine:279 - Generated code: /Users/arjun/Documents/GitHub/stm32-blink/STM32-blink/Core/Inc/stm32h7xx_it.h
2023-04-09 21:18:49,022 [INFO] CodeEngine:255 - oldGeneratedFile, /Users/arjun/Documents/GitHub/stm32-blink/STM32-blink/Core/Src/stm32h7xx_hal_msp.c_save
2023-04-09 21:18:49,211 [INFO] CodeEngine:279 - Generated code: /Users/arjun/Documents/GitHub/stm32-blink/STM32-blink/Core/Src/stm32h7xx_hal_msp.c
2023-04-09 21:18:49,213 [INFO] CodeEngine:255 - oldGeneratedFile, /Users/arjun/Documents/GitHub/stm32-blink/STM32-blink/MXTmpFiles/system.tmp_save
2023-04-09 21:18:49,276 [INFO] CodeEngine:279 - Generated code: /Users/arjun/Documents/GitHub/stm32-blink/STM32-blink/MXTmpFiles/system.tmp
2023-04-09 21:18:49,281 [INFO] CodeEngine:311 - oldGeneratedFile, /Users/arjun/Documents/GitHub/stm32-blink/STM32-blink/Core/Inc/stm32h7xx_hal_conf.h_save
2023-04-09 21:18:49,352 [INFO] CodeEngine:335 - Generated code: /Users/arjun/Documents/GitHub/stm32-blink/STM32-blink/Core/Inc/stm32h7xx_hal_conf.h
2023-04-09 21:18:49,431 [WARN] IPConfigManager:3431 - IP not found : TIM
2023-04-09 21:18:49,432 [WARN] IPConfigManager:3431 - IP not found : USB_OTG
2023-04-09 21:18:49,434 [WARN] CodeGenerator:3754 - IP not found : null
2023-04-09 21:18:49,435 [WARN] CodeGenerator:3754 - IP not found : null
2023-04-09 21:18:49,443 [INFO] CodeEngine:255 - oldGeneratedFile, /Users/arjun/Documents/GitHub/stm32-blink/STM32-blink/Core/Inc/main.h_save
2023-04-09 21:18:49,544 [INFO] CodeEngine:279 - Generated code: /Users/arjun/Documents/GitHub/stm32-blink/STM32-blink/Core/Inc/main.h
2023-04-09 21:18:49,551 [INFO] CodeEngine:255 - oldGeneratedFile, /Users/arjun/Documents/GitHub/stm32-blink/STM32-blink/Core/Src/main.c_save
2023-04-09 21:18:49,702 [INFO] CodeEngine:279 - Generated code: /Users/arjun/Documents/GitHub/stm32-blink/STM32-blink/Core/Src/main.c
2023-04-09 21:18:50,319 [INFO] ProjectBuilder:2996 - Time for Copy HAL[1] : 64mS.
2023-04-09 21:18:50,334 [INFO] ProjectBuilder:4304 - Project Generator version: 3.19.2
2023-04-09 21:18:50,703 [INFO] ConfigFileManager:1483 - The Die is : DIE450
2023-04-09 21:18:53,267 [INFO] ProjectBuilder:4505 - Time for Generating toolchain IDE Files: 2930mS.
2023-04-09 21:18:53,273 [INFO] ProjectBuilder:2867 - Time for Copy CMSIS : 1mS.
2023-04-09 21:18:53,275 [INFO] ProjectBuilder:2867 - Time for Copy CMSIS : 0mS.
